<?xml version="1.0" encoding="UTF-8"?>
<testng-results skipped="0" failed="0" ignored="0" total="2" passed="2">
  <reporter-output>
  </reporter-output>
  <suite name="com.qa.test.DemoTest" duration-ms="31" started-at="2019-04-24T20:34:46Z" finished-at="2019-04-24T20:34:46Z">
    <groups>
    </groups>
    <test name="Command line test" duration-ms="31" started-at="2019-04-24T20:34:46Z" finished-at="2019-04-24T20:34:46Z">
      <class name="com.qa.test.DemoTest">
        <test-method status="PASS" signature="Sub()[pri:0, instance:com.qa.test.DemoTest@2752f6e2]" name="Sub" duration-ms="16" started-at="2019-04-24T16:34:46Z" finished-at="2019-04-24T16:34:46Z">
          <reporter-output>
          </reporter-output>
        </test-method> <!-- Sub -->
        <test-method status="PASS" signature="Sum()[pri:0, instance:com.qa.test.DemoTest@2752f6e2]" name="Sum" duration-ms="0" started-at="2019-04-24T16:34:46Z" finished-at="2019-04-24T16:34:46Z">
          <reporter-output>
          </reporter-output>
        </test-method> <!-- Sum -->
      </class> <!-- com.qa.test.DemoTest -->
    </test> <!-- Command line test -->
  </suite> <!-- com.qa.test.DemoTest -->
</testng-results>
