<?xml version="1.0" encoding="UTF-8"?>
<testng-results skipped="0" failed="0" ignored="1" total="2" passed="1">
  <reporter-output>
  </reporter-output>
  <suite name="Default suite" duration-ms="245" started-at="2019-04-10T18:59:16Z" finished-at="2019-04-10T18:59:16Z">
    <groups>
    </groups>
    <test name="Default test" duration-ms="245" started-at="2019-04-10T18:59:16Z" finished-at="2019-04-10T18:59:16Z">
      <class name="com.qa.test.DemoTest">
        <test-method status="PASS" signature="Sub()[pri:0, instance:com.qa.test.DemoTest@100fc185]" name="Sub" duration-ms="81" started-at="2019-04-10T14:59:16Z" finished-at="2019-04-10T14:59:16Z">
          <reporter-output>
          </reporter-output>
        </test-method> <!-- Sub -->
      </class> <!-- com.qa.test.DemoTest -->
    </test> <!-- Default test -->
  </suite> <!-- Default suite -->
</testng-results>
